<?xml version="1.0" encoding="UTF-8"?>
<!-- Generated by org.testng.reporters.JUnitReportReporter -->
<testsuite skipped="0" hostname="DESKTOP-SFC0TF7" name="com.dice.LoginTest" tests="2" failures="0" timestamp="2020-07-15T02:29:47 IST" time="79.106" errors="0">
  <testcase name="positiveLoginTest" time="17.957" classname="com.dice.LoginTest"/>
  <system-out/>
  <testcase name="positiveLoginTest" time="61.149" classname="com.dice.LoginTest"/>
  <system-out/>
</testsuite> <!-- com.dice.LoginTest -->
