<?xml version="1.0" encoding="UTF-8"?>
<!-- Generated by org.testng.reporters.JUnitReportReporter -->
<testsuite skipped="0" hostname="DESKTOP-SFC0TF7" name="com.dice.LoginTest" tests="1" failures="0" timestamp="2020-07-13T00:31:35 IST" time="21.249" errors="0">
  <testcase name="positiveLoginTest" time="21.249" classname="com.dice.LoginTest"/>
  <system-out/>
</testsuite> <!-- com.dice.LoginTest -->
