<?xml version="1.0" encoding="UTF-8"?>
<!-- Generated by org.testng.reporters.JUnitReportReporter -->
<testsuite skipped="0" hostname="DESKTOP-SFC0TF7" name="com.dice.LoginTest" tests="2" failures="0" timestamp="2020-07-14T17:30:20 IST" time="86.142" errors="0">
  <testcase name="negativeLoginTest" time="45.231" classname="com.dice.LoginTest"/>
  <system-out/>
  <testcase name="negativeLoginTest" time="40.911" classname="com.dice.LoginTest"/>
  <system-out/>
</testsuite> <!-- com.dice.LoginTest -->
